"C:\Program Files\JetBrains\CLion 2021.2.3\bin\cmake\win\bin\cmake.exe" -DCMAKE_BUILD_TYPE=Debug -DCMAKE_DEPENDS_USE_COMPILER=FALSE -G "CodeBlocks - MinGW Makefiles" \\wsl.localhost\Ubuntu\home\Pacs_challenges\challenge2
-- The C compiler identification is unknown
-- The CXX compiler identification is unknown
-- Detecting C compiler ABI info
-- Detecting C compiler ABI info - failed
-- Check for working C compiler: C:/Program Files/mingw64/bin/gcc.exe
-- Check for working C compiler: C:/Program Files/mingw64/bin/gcc.exe - broken
CMake Error at C:/Program Files/JetBrains/CLion 2021.2.3/bin/cmake/win/share/cmake-3.20/Modules/CMakeTestCCompiler.cmake:66 (message):
  The C compiler

    "C:/Program Files/mingw64/bin/gcc.exe"

  is not able to compile a simple test program.

  It fails with the following output:

    Change Dir: //wsl.localhost/Ubuntu/home/Pacs_challenges/challenge2/cmake-build-debug/CMakeFiles/CMakeTmp
    
    Run Build Command(s):C:/PROGRA~1/mingw64/bin/mingw32-make.exe -f Makefile cmTC_64847/fast && C:/PROGRA~1/mingw64/bin/mingw32-make.exe  -f CMakeFiles\cmTC_64847.dir\build.make CMakeFiles/cmTC_64847.dir/build
    mingw32-make[1]: Entering directory '//wsl.localhost/Ubuntu/home/Pacs_challenges/challenge2/cmake-build-debug/CMakeFiles/CMakeTmp'
    Building C object CMakeFiles/cmTC_64847.dir/testCCompiler.c.obj
    C:\PROGRA~1\mingw64\bin\gcc.exe    -o CMakeFiles\cmTC_64847.dir\testCCompiler.c.obj -c \\wsl.localhost\Ubuntu\home\Pacs_challenges\challenge2\cmake-build-debug\CMakeFiles\CMakeTmp\testCCompiler.c
    cc1.exe: fatal error: \wsl.localhost\Ubuntu\home\Pacs_challenges\challenge2\cmake-build-debug\CMakeFiles\CMakeTmp\testCCompiler.c: No such file or directory
    compilation terminated.
    mingw32-make[1]: *** [CMakeFiles\cmTC_64847.dir\build.make:77: CMakeFiles/cmTC_64847.dir/testCCompiler.c.obj] Error 1
    mingw32-make[1]: Leaving directory '//wsl.localhost/Ubuntu/home/Pacs_challenges/challenge2/cmake-build-debug/CMakeFiles/CMakeTmp'
    mingw32-make: *** [Makefile:126: cmTC_64847/fast] Error 2
    
    

  

  CMake will not be able to correctly generate this project.
Call Stack (most recent call first):
  CMakeLists.txt:2 (project)


-- Configuring incomplete, errors occurred!
See also "//wsl.localhost/Ubuntu/home/Pacs_challenges/challenge2/cmake-build-debug/CMakeFiles/CMakeOutput.log".
See also "//wsl.localhost/Ubuntu/home/Pacs_challenges/challenge2/cmake-build-debug/CMakeFiles/CMakeError.log".
